<?xml version="1.0" encoding="UTF-8"?>
<!-- Generated by org.testng.reporters.JUnitReportReporter -->
<testsuite hostname="DESKTOP-SB2G11E" failures="0" tests="1" name="com.qa.hybspot.tests.loginPageTest" time="4.895" errors="0" timestamp="2023-03-13T16:02:23 CDT" skipped="0">
  <testcase classname="com.qa.hybspot.tests.loginPageTest" name="login" time="4.895"/>
  <system-out/>
</testsuite> <!-- com.qa.hybspot.tests.loginPageTest -->
